2026-07-14 18:29:34.760 [main] INFO  c.u.f.FinanzasAppApplication - Starting FinanzasAppApplication using Java 26.0.1 with PID 28664 (D:\Descargas\Proyecto Integrador 2\finanzas-app\finanzas-app-backend\target\classes started by janit in D:\Descargas\Proyecto Integrador 2\finanzas-app\finanzas-app-backend)
2026-07-14 18:29:34.766 [main] INFO  c.u.f.FinanzasAppApplication - No active profile set, falling back to 1 default profile: "default"
2026-07-14 18:29:35.393 [main] INFO  o.s.d.r.c.RepositoryConfigurationDelegate - Bootstrapping Spring Data JPA repositories in DEFAULT mode.
2026-07-14 18:29:35.536 [main] INFO  o.s.d.r.c.RepositoryConfigurationDelegate - Finished Spring Data repository scanning in 136 ms. Found 4 JPA repository interfaces.
2026-07-14 18:29:36.024 [main] INFO  o.s.b.w.e.tomcat.TomcatWebServer - Tomcat initialized with port 8081 (http)
2026-07-14 18:29:36.038 [main] INFO  o.a.catalina.core.StandardService - Starting service [Tomcat]
2026-07-14 18:29:36.039 [main] INFO  o.a.catalina.core.StandardEngine - Starting Servlet engine: [Apache Tomcat/10.1.41]
2026-07-14 18:29:36.134 [main] INFO  o.a.c.c.C.[Tomcat].[localhost].[/] - Initializing Spring embedded WebApplicationContext
2026-07-14 18:29:36.135 [main] INFO  o.s.b.w.s.c.ServletWebServerApplicationContext - Root WebApplicationContext: initialization completed in 1324 ms
2026-07-14 18:29:36.272 [main] INFO  o.h.jpa.internal.util.LogHelper - HHH000204: Processing PersistenceUnitInfo [name: default]
2026-07-14 18:29:36.323 [main] INFO  org.hibernate.Version - HHH000412: Hibernate ORM core version 6.6.15.Final
2026-07-14 18:29:36.352 [main] INFO  o.h.c.i.RegionFactoryInitiator - HHH000026: Second-level cache disabled
2026-07-14 18:29:36.596 [main] INFO  o.s.o.j.p.SpringPersistenceUnitInfo - No LoadTimeWeaver setup: ignoring JPA class transformer
2026-07-14 18:29:36.621 [main] INFO  com.zaxxer.hikari.HikariDataSource - HikariPool-1 - Starting...
2026-07-14 18:29:36.810 [main] INFO  com.zaxxer.hikari.pool.HikariPool - HikariPool-1 - Added connection com.mysql.cj.jdbc.ConnectionImpl@6182ffef
2026-07-14 18:29:36.812 [main] INFO  com.zaxxer.hikari.HikariDataSource - HikariPool-1 - Start completed.
2026-07-14 18:29:36.846 [main] WARN  org.hibernate.dialect.Dialect - HHH000511: The 5.5.5 version for [org.hibernate.dialect.MySQLDialect] is no longer supported, hence certain features may not work properly. The minimum supported version is 8.0.0. Check the community dialects project for available legacy versions.
2026-07-14 18:29:36.849 [main] WARN  org.hibernate.orm.deprecation - HHH90000025: MySQLDialect does not need to be specified explicitly using 'hibernate.dialect' (remove the property setting and it will be selected by default)
2026-07-14 18:29:36.865 [main] INFO  o.hibernate.orm.connections.pooling - HHH10001005: Database info:
	Database JDBC URL [Connecting through datasource 'HikariDataSource (HikariPool-1)']
	Database driver: undefined/unknown
	Database version: 5.5.5
	Autocommit mode: undefined/unknown
	Isolation level: undefined/unknown
	Minimum pool size: undefined/unknown
	Maximum pool size: undefined/unknown
2026-07-14 18:29:37.526 [main] INFO  o.h.e.t.j.p.i.JtaPlatformInitiator - HHH000489: No JTA platform available (set 'hibernate.transaction.jta.platform' to enable JTA platform integration)
2026-07-14 18:29:37.591 [main] INFO  o.s.o.j.LocalContainerEntityManagerFactoryBean - Initialized JPA EntityManagerFactory for persistence unit 'default'
2026-07-14 18:29:37.922 [main] WARN  o.s.b.a.o.j.JpaBaseConfiguration$JpaWebConfiguration - spring.jpa.open-in-view is enabled by default. Therefore, database queries may be performed during view rendering. Explicitly configure spring.jpa.open-in-view to disable this warning
2026-07-14 18:29:37.948 [main] WARN  o.s.b.a.s.s.UserDetailsServiceAutoConfiguration - 

Using generated security password: a60fbdee-e3eb-441c-8c3a-6962a04a7dbd

This generated password is for development use only. Your security configuration must be updated before running your application in production.

2026-07-14 18:29:38.322 [main] INFO  o.s.b.w.e.tomcat.TomcatWebServer - Tomcat started on port 8081 (http) with context path '/'
2026-07-14 18:29:38.328 [main] INFO  c.u.f.FinanzasAppApplication - Started FinanzasAppApplication in 3.981 seconds (process running for 4.289)
2026-07-14 18:34:04.423 [http-nio-8081-exec-1] INFO  o.a.c.c.C.[Tomcat].[localhost].[/] - Initializing Spring DispatcherServlet 'dispatcherServlet'
2026-07-14 18:34:04.423 [http-nio-8081-exec-1] INFO  o.s.web.servlet.DispatcherServlet - Initializing Servlet 'dispatcherServlet'
2026-07-14 18:34:04.425 [http-nio-8081-exec-1] INFO  o.s.web.servlet.DispatcherServlet - Completed initialization in 1 ms
2026-07-14 18:34:04.526 [http-nio-8081-exec-2] INFO  c.u.f.s.i.c.UsuarioController - [LOGIN] Intento de inicio de sesión para el correo: test9@gmail.com
2026-07-14 18:34:04.663 [http-nio-8081-exec-2] WARN  c.u.f.s.i.c.UsuarioController - [LOGIN] Intento de inicio de sesión fallido para el correo: test9@gmail.com — Razón: Usuario no encontrado
2026-07-14 18:34:20.542 [http-nio-8081-exec-3] INFO  c.u.f.s.i.c.UsuarioController - [LOGIN] Intento de inicio de sesión para el correo: test5@gmail.com
2026-07-14 18:34:20.679 [http-nio-8081-exec-3] INFO  c.u.f.s.i.c.UsuarioController - [LOGIN] Inicio de sesión exitoso para el usuario ID: 3
2026-07-14 18:34:21.112 [http-nio-8081-exec-7] INFO  c.u.f.s.i.c.TransaccionController - [TRANSACCION] Consultando transacciones del usuario ID: 3
2026-07-14 18:34:21.115 [http-nio-8081-exec-7] INFO  c.u.f.s.i.c.TransaccionController - [TRANSACCION] Se encontraron 1 transacciones para usuario ID: 3
2026-07-14 18:34:21.435 [http-nio-8081-exec-2] INFO  c.u.f.s.i.c.TransaccionController - [TRANSACCION] Consultando transacciones del usuario ID: 3
2026-07-14 18:34:21.440 [http-nio-8081-exec-2] INFO  c.u.f.s.i.c.TransaccionController - [TRANSACCION] Se encontraron 1 transacciones para usuario ID: 3
2026-07-14 18:34:30.310 [http-nio-8081-exec-2] INFO  c.u.f.s.i.c.ReporteFinancieroController - [REPORTE] Solicitud de generación de Estado de Cuenta PDF para usuario ID: 3 (filtro: hoy)
2026-07-14 18:34:38.081 [http-nio-8081-exec-10] INFO  c.u.f.s.i.c.TransaccionController - [TRANSACCION] Consultando transacciones del usuario ID: 3
2026-07-14 18:34:38.160 [http-nio-8081-exec-10] INFO  c.u.f.s.i.c.TransaccionController - [TRANSACCION] Se encontraron 1 transacciones para usuario ID: 3
2026-07-14 18:34:38.526 [http-nio-8081-exec-6] INFO  c.u.f.s.i.c.TransaccionController - [TRANSACCION] Consultando transacciones del usuario ID: 3
2026-07-14 18:34:38.550 [http-nio-8081-exec-6] INFO  c.u.f.s.i.c.TransaccionController - [TRANSACCION] Se encontraron 1 transacciones para usuario ID: 3
2026-07-14 18:34:41.107 [http-nio-8081-exec-7] INFO  c.u.f.s.i.c.TransaccionController - [TRANSACCION] Consultando transacciones del usuario ID: 3
2026-07-14 18:34:41.112 [http-nio-8081-exec-7] INFO  c.u.f.s.i.c.TransaccionController - [TRANSACCION] Se encontraron 1 transacciones para usuario ID: 3
2026-07-14 18:34:41.424 [http-nio-8081-exec-10] INFO  c.u.f.s.i.c.TransaccionController - [TRANSACCION] Consultando transacciones del usuario ID: 3
2026-07-14 18:34:41.427 [http-nio-8081-exec-10] INFO  c.u.f.s.i.c.TransaccionController - [TRANSACCION] Se encontraron 1 transacciones para usuario ID: 3
2026-07-14 18:34:52.587 [http-nio-8081-exec-4] INFO  c.u.f.s.i.c.TransaccionController - [TRANSACCION] Registrando INGRESO de S/1000.0 para usuario ID: 3
2026-07-14 18:34:52.635 [http-nio-8081-exec-4] INFO  c.u.f.s.i.c.TransaccionController - [TRANSACCION] Registrada exitosamente — ID: 11, Tipo: INGRESO, Monto: S/1000.0
2026-07-14 18:34:53.445 [http-nio-8081-exec-5] INFO  c.u.f.s.i.c.TransaccionController - [TRANSACCION] Consultando transacciones del usuario ID: 3
2026-07-14 18:34:53.448 [http-nio-8081-exec-5] INFO  c.u.f.s.i.c.TransaccionController - [TRANSACCION] Se encontraron 2 transacciones para usuario ID: 3
2026-07-14 18:35:04.150 [http-nio-8081-exec-1] INFO  c.u.f.s.i.c.TransaccionController - [TRANSACCION] Registrando GASTO de S/500.0 para usuario ID: 3
2026-07-14 18:35:04.163 [http-nio-8081-exec-1] INFO  c.u.f.s.i.c.TransaccionController - [TRANSACCION] Registrada exitosamente — ID: 12, Tipo: GASTO, Monto: S/500.0
2026-07-14 18:35:05.346 [http-nio-8081-exec-9] INFO  c.u.f.s.i.c.TransaccionController - [TRANSACCION] Consultando transacciones del usuario ID: 3
2026-07-14 18:35:05.349 [http-nio-8081-exec-9] INFO  c.u.f.s.i.c.TransaccionController - [TRANSACCION] Se encontraron 3 transacciones para usuario ID: 3
2026-07-14 18:35:12.334 [http-nio-8081-exec-8] INFO  c.u.f.s.i.c.ReporteFinancieroController - [REPORTE] Solicitud de generación de Estado de Cuenta PDF para usuario ID: 3 (filtro: 7dias)
2026-07-14 18:35:27.390 [http-nio-8081-exec-6] INFO  c.u.f.s.i.c.TransaccionController - [TRANSACCION] Consultando transacciones del usuario ID: 3
2026-07-14 18:35:27.392 [http-nio-8081-exec-6] INFO  c.u.f.s.i.c.TransaccionController - [TRANSACCION] Se encontraron 3 transacciones para usuario ID: 3
2026-07-14 18:35:27.719 [http-nio-8081-exec-10] INFO  c.u.f.s.i.c.TransaccionController - [TRANSACCION] Consultando transacciones del usuario ID: 3
2026-07-14 18:35:27.724 [http-nio-8081-exec-10] INFO  c.u.f.s.i.c.TransaccionController - [TRANSACCION] Se encontraron 3 transacciones para usuario ID: 3
